生成启动时间为 2017/6/19 13:48:05。
     1>项目“C:\Users\jjin\Desktop\PLC-Comm\PLC-Comm\PLC-Comm.vcxproj”在节点 2 上(build 个目标)。
     1>InitializeBuildStatus:
         正在对“Debug\PLC-Comm.unsuccessfulbuild”执行 Touch 任务。
       ClCompile:
         所有输出均为最新。
         C:\Program Files (x86)\Microsoft Visual Studio 10.0\VC\bin\CL.exe /c /I"C:\Users\jjin\Desktop\PLC-Comm\include" /I"C:\Users\jjin\Desktop\PLC-Comm\PLC-Comm\Modbus\3rdparty\libmodbus" /I"C:\Users\jjin\Desktop\PLC-Comm\PLC-Comm\Modbus\src" /I"C:\Users\jjin\Desktop\PLC-Comm\PLC-Comm\GeneratedFiles" /ZI /nologo /W3 /WX- /Od /Oy- /D WIN32 /D _WINDOWS /D _DEBUG /D _UNICODE /D UNICODE /D _AFXDLL /Gm /EHsc /RTC1 /MDd /GS /fp:precise /Zc:wchar_t /Zc:forScope /Yu"StdAfx.h" /Fp"Debug\PLC-Comm.pch" /Fo"Debug\\" /Fd"Debug\vc100.pdb" /Gd /TP /analyze- /errorReport:prompt "PLC-Comm.cpp" "PLC-CommDlg.cpp"
         PLC-CommDlg.cpp
         PLC-Comm.cpp
         正在生成代码...
         C:\Program Files (x86)\Microsoft Visual Studio 10.0\VC\bin\CL.exe /c /I"C:\Users\jjin\Desktop\PLC-Comm\include" /I"C:\Users\jjin\Desktop\PLC-Comm\PLC-Comm\Modbus\3rdparty\libmodbus" /I"C:\Users\jjin\Desktop\PLC-Comm\PLC-Comm\Modbus\src" /I"C:\Users\jjin\Desktop\PLC-Comm\PLC-Comm\GeneratedFiles" /ZI /nologo /W3 /WX- /Od /Oy- /D WIN32 /D _WINDOWS /D _DEBUG /D _UNICODE /D UNICODE /D _AFXDLL /Gm /EHsc /RTC1 /MDd /GS /fp:precise /Zc:wchar_t /Zc:forScope /Fo"Debug\\" /Fd"Debug\vc100.pdb" /Gd /TC /analyze- /errorReport:prompt "Modbus\3rdparty\libmodbus\modbus-data.c" "Modbus\3rdparty\libmodbus\modbus-rtu.c" "Modbus\3rdparty\libmodbus\modbus-tcp.c"
         modbus-tcp.c
         modbus-rtu.c
     1>c:\users\jjin\desktop\plc-comm\plc-comm\modbus\3rdparty\libmodbus\modbus-rtu.c(441): warning C4996: 'strerror': This function or variable may be unsafe. Consider using strerror_s instead. To disable deprecation, use _CRT_SECURE_NO_WARNINGS. See online help for details.
                 c:\program files (x86)\microsoft visual studio 10.0\vc\include\string.h(157) : 参见“strerror”的声明
         modbus-data.c
         正在生成代码...
         C:\Program Files (x86)\Microsoft Visual Studio 10.0\VC\bin\CL.exe /c /I.\Modbus\src /I.\Modbus\3rdparty\libmodbus /I.\Modbus\3rdparty\QsLog /I"C:\Users\jjin\Desktop\PLC-Comm\include" /I"C:\Users\jjin\Desktop\PLC-Comm\PLC-Comm\Modbus\3rdparty\libmodbus" /I"C:\Users\jjin\Desktop\PLC-Comm\PLC-Comm\Modbus\src" /I"C:\Users\jjin\Desktop\PLC-Comm\PLC-Comm\GeneratedFiles" /ZI /nologo /W3 /WX- /Od /Oy- /D WIN32 /D _WINDOWS /D _DEBUG /D _UNICODE /D UNICODE /D _AFXDLL /Gm /EHsc /RTC1 /MDd /GS /fp:precise /Zc:wchar_t /Zc:forScope /Fo"Debug\\" /Fd"Debug\vc100.pdb" /Gd /TC /analyze- /errorReport:prompt Modbus\3rdparty\libmodbus\modbus.c
         modbus.c
     1>c:\users\jjin\desktop\plc-comm\plc-comm\modbus\3rdparty\libmodbus\modbus.c(88): warning C4996: 'strerror': This function or variable may be unsafe. Consider using strerror_s instead. To disable deprecation, use _CRT_SECURE_NO_WARNINGS. See online help for details.
                 c:\program files (x86)\microsoft visual studio 10.0\vc\include\string.h(157) : 参见“strerror”的声明
     1>c:\users\jjin\desktop\plc-comm\plc-comm\modbus\3rdparty\libmodbus\modbus.c(432): warning C4018: “>”: 有符号/无符号不匹配
         C:\Program Files (x86)\Microsoft Visual Studio 10.0\VC\bin\CL.exe /c /I.\Modbus\src /I.\Modbus\3rdparty\libmodbus /I.\Modbus\3rdparty\QsLog /I"C:\Users\jjin\Desktop\PLC-Comm\include" /I"C:\Users\jjin\Desktop\PLC-Comm\PLC-Comm\Modbus\3rdparty\libmodbus" /I"C:\Users\jjin\Desktop\PLC-Comm\PLC-Comm\Modbus\src" /I"C:\Users\jjin\Desktop\PLC-Comm\PLC-Comm\GeneratedFiles" /ZI /nologo /W3 /WX- /Od /Oy- /D WIN32 /D _WINDOWS /D _DEBUG /D _UNICODE /D UNICODE /D _AFXDLL /Gm /EHsc /RTC1 /MDd /GS /fp:precise /Zc:wchar_t /Zc:forScope /Yu"StdAfx.h" /Fp"Debug\PLC-Comm.pch" /Fo"Debug\\" /Fd"Debug\vc100.pdb" /Gd /TP /analyze- /errorReport:prompt Modbus\src\modbuscommsettings.cpp
         modbuscommsettings.cpp
       ResourceCompile:
         C:\Program Files (x86)\Microsoft SDKs\Windows\v7.0A\bin\rc.exe /D _DEBUG /D _UNICODE /D UNICODE /D _AFXDLL /l"0x0804" /IDebug\ /nologo /fo"Debug\PLC-Comm.res" PLC-Comm.rc 
       ManifestResourceCompile:
         C:\Program Files (x86)\Microsoft SDKs\Windows\v7.0A\bin\rc.exe /nologo /fo"Debug\PLC-Comm.exe.embed.manifest.res" Debug\PLC-Comm_manifest.rc 
       Link:
         C:\Program Files (x86)\Microsoft Visual Studio 10.0\VC\bin\link.exe /ERRORREPORT:PROMPT /OUT:"C:\Users\jjin\Desktop\PLC-Comm\Debug\PLC-Comm.exe" /INCREMENTAL /NOLOGO /LIBPATH:"C:\Users\jjin\Desktop\PLC-Comm\lib" qtmaind.lib wsock32.lib ws2_32.lib shell32.lib Qt5Cored.lib Qt5Guid.lib Qt5OpenGLd.lib opengl32.lib glu32.lib Qt5Widgetsd.lib Qt5Concurrentd.lib /MANIFEST /ManifestFile:"Debug\PLC-Comm.exe.intermediate.manifest" /MANIFESTUAC:"level='asInvoker' uiAccess='false'" /DEBUG /PDB:"C:\Users\jjin\Desktop\PLC-Comm\Debug\PLC-Comm.pdb" /SUBSYSTEM:WINDOWS /TLBID:1 /ENTRY:"wWinMainCRTStartup" /DYNAMICBASE /NXCOMPAT /IMPLIB:"C:\Users\jjin\Desktop\PLC-Comm\Debug\PLC-Comm.lib" /MACHINE:X86 "Debug\PLC-Comm.res"
         "Debug\PLC-Comm.exe.embed.manifest.res"
         Debug\moc_modbuscommsettings.obj
         "Debug\modbus-data.obj"
         "Debug\modbus-rtu.obj"
         "Debug\modbus-tcp.obj"
         Debug\modbus.obj
         Debug\eutils.obj
         Debug\modbuscommsettings.obj
         "Debug\PLC-Comm.obj"
         "Debug\PLC-CommDlg.obj"
         Debug\plcControlpanel.obj
         Debug\PLCSetting.obj
         Debug\stdafx.obj
       Manifest:
         C:\Program Files (x86)\Microsoft SDKs\Windows\v7.0A\bin\mt.exe /nologo /verbose /out:"Debug\PLC-Comm.exe.embed.manifest" /manifest "Debug\PLC-Comm.exe.intermediate.manifest" "C:\Program Files (x86)\Microsoft Visual Studio 10.0\VC\Include\Manifest\dpiaware.manifest"
         C:\Program Files (x86)\Microsoft SDKs\Windows\v7.0A\bin\rc.exe /nologo /fo"Debug\PLC-Comm.exe.embed.manifest.res" Debug\PLC-Comm_manifest.rc 
       LinkEmbedManifest:
         C:\Program Files (x86)\Microsoft Visual Studio 10.0\VC\bin\link.exe /ERRORREPORT:PROMPT /OUT:"C:\Users\jjin\Desktop\PLC-Comm\Debug\PLC-Comm.exe" /INCREMENTAL /NOLOGO /LIBPATH:"C:\Users\jjin\Desktop\PLC-Comm\lib" qtmaind.lib wsock32.lib ws2_32.lib shell32.lib Qt5Cored.lib Qt5Guid.lib Qt5OpenGLd.lib opengl32.lib glu32.lib Qt5Widgetsd.lib Qt5Concurrentd.lib /MANIFEST /ManifestFile:"Debug\PLC-Comm.exe.intermediate.manifest" /MANIFESTUAC:"level='asInvoker' uiAccess='false'" /DEBUG /PDB:"C:\Users\jjin\Desktop\PLC-Comm\Debug\PLC-Comm.pdb" /SUBSYSTEM:WINDOWS /TLBID:1 /ENTRY:"wWinMainCRTStartup" /DYNAMICBASE /NXCOMPAT /IMPLIB:"C:\Users\jjin\Desktop\PLC-Comm\Debug\PLC-Comm.lib" /MACHINE:X86 "Debug\PLC-Comm.res"
         "Debug\PLC-Comm.exe.embed.manifest.res"
         Debug\moc_modbuscommsettings.obj
         "Debug\modbus-data.obj"
         "Debug\modbus-rtu.obj"
         "Debug\modbus-tcp.obj"
         Debug\modbus.obj
         Debug\eutils.obj
         Debug\modbuscommsettings.obj
         "Debug\PLC-Comm.obj"
         "Debug\PLC-CommDlg.obj"
         Debug\plcControlpanel.obj
         Debug\PLCSetting.obj
         Debug\stdafx.obj
         PLC-Comm.vcxproj -> C:\Users\jjin\Desktop\PLC-Comm\Debug\PLC-Comm.exe
       FinalizeBuildStatus:
         正在删除文件“Debug\PLC-Comm.unsuccessfulbuild”。
         正在对“Debug\PLC-Comm.lastbuildstate”执行 Touch 任务。
     1>已完成生成项目“C:\Users\jjin\Desktop\PLC-Comm\PLC-Comm\PLC-Comm.vcxproj”(build 个目标)的操作。

生成成功。

已用时间 00:00:04.82
