生成启动时间为 2016/5/25 11:14:27。
     1>项目“G:\MSCommversion\TcpipComm\TcpipComm.vcxproj”在节点 2 上(rebuild 个目标)。
     1>InitializeBuildStatus:
         正在创建“Debug\TcpipComm.unsuccessfulbuild”，因为已指定“AlwaysCreate”。
       ClCompile:
         C:\Program Files (x86)\Microsoft Visual Studio 10.0\VC\bin\CL.exe /c /ZI /nologo /W3 /WX- /Od /Oy- /D WIN32 /D _DEBUG /D _WINDOWS /D _USRDLL /D TCPIPCOMM_EXPORTS /D _WINDLL /D _UNICODE /D UNICODE /Gm /EHsc /RTC1 /MDd /GS /fp:precise /Zc:wchar_t /Zc:forScope /Yc"StdAfx.h" /Fp"Debug\TcpipComm.pch" /Fo"Debug\\" /Fd"Debug\vc100.pdb" /Gd /TP /analyze- /errorReport:prompt stdafx.cpp
         stdafx.cpp
         C:\Program Files (x86)\Microsoft Visual Studio 10.0\VC\bin\CL.exe /c /ZI /nologo /W3 /WX- /Od /Oy- /D WIN32 /D _DEBUG /D _WINDOWS /D _USRDLL /D TCPIPCOMM_EXPORTS /D _WINDLL /D _UNICODE /D UNICODE /Gm /EHsc /RTC1 /MDd /GS /fp:precise /Zc:wchar_t /Zc:forScope /Fo"Debug\\" /Fd"Debug\vc100.pdb" /Gd /TP /analyze- /errorReport:prompt dllmain.cpp
         dllmain.cpp
         C:\Program Files (x86)\Microsoft Visual Studio 10.0\VC\bin\CL.exe /c /ZI /nologo /W3 /WX- /Od /Oy- /D WIN32 /D _DEBUG /D _WINDOWS /D _USRDLL /D TCPIPCOMM_EXPORTS /D _WINDLL /D _UNICODE /D UNICODE /Gm /EHsc /RTC1 /MDd /GS /fp:precise /Zc:wchar_t /Zc:forScope /Yu"StdAfx.h" /Fp"Debug\TcpipComm.pch" /Fo"Debug\\" /Fd"Debug\vc100.pdb" /Gd /TP /analyze- /errorReport:prompt TcpipComm.cpp TcpIpCommInterface.cpp
         TcpIpCommInterface.cpp
         TcpipComm.cpp
     1>g:\mscommversion\tcpipcomm\tcpipcomm.cpp(25): error C2065: “_instance”: 未声明的标识符
     1>g:\mscommversion\tcpipcomm\tcpipcomm.cpp(27): error C2065: “_instance”: 未声明的标识符
     1>g:\mscommversion\tcpipcomm\tcpipcomm.cpp(27): error C2541: “delete”: 不能删除不是指针的对象
     1>g:\mscommversion\tcpipcomm\tcpipcomm.cpp(28): error C2065: “_instance”: 未声明的标识符
     1>g:\mscommversion\tcpipcomm\tcpipcomm.cpp(33): error C2065: “_instance”: 未声明的标识符
     1>g:\mscommversion\tcpipcomm\tcpipcomm.cpp(35): error C2065: “_instance”: 未声明的标识符
     1>g:\mscommversion\tcpipcomm\tcpipcomm.cpp(37): error C2065: “_instance”: 未声明的标识符
         正在生成代码...
     1>已完成生成项目“G:\MSCommversion\TcpipComm\TcpipComm.vcxproj”(rebuild 个目标)的操作 - 失败。

生成失败。

已用时间 00:00:01.12
